<?xml version="1.0" encoding="UTF-8"?>
<!-- Generated by org.testng.reporters.JUnitReportReporter -->
<testsuite hostname="DESKTOP-5N1P76C" failures="0" tests="5" name="com.lbrce.sample.UserValidationTest" time="0.010" errors="0" timestamp="2023-10-27T11:34:44 IST" skipped="0">
  <testcase classname="com.lbrce.sample.UserValidationTest" name="testCase3" time="0.000"/>
  <testcase classname="com.lbrce.sample.UserValidationTest" name="testCase1" time="0.010"/>
  <testcase classname="com.lbrce.sample.UserValidationTest" name="testCase4" time="0.000"/>
  <testcase classname="com.lbrce.sample.UserValidationTest" name="testCase2" time="0.000"/>
  <testcase classname="com.lbrce.sample.UserValidationTest" name="testCase5" time="0.000"/>
</testsuite> <!-- com.lbrce.sample.UserValidationTest -->
